
2026-04-11 20:44:48,622 | INFO | Successful login — client_id: demo-client
2026-04-11 20:47:07,974 | INFO | Successful login — client_id: demo-client
2026-04-11 20:47:07,995 | INFO | Tool list fetched from database
2026-04-11 20:49:42,886 | INFO | Transferred ['T001', 'T002', 'T017'] → DE Demo
2026-04-11 20:49:42,897 | INFO | Tool list fetched from database
2026-04-11 20:52:22,746 | INFO | Successful login — client_id: demo-client
2026-04-11 20:52:22,773 | INFO | Tool list fetched from database
2026-04-11 21:31:36,146 | INFO | Transferred ['T001'] → FR Demo
2026-04-11 21:31:36,166 | INFO | Tool list fetched from database
2026-04-11 21:59:58,304 | INFO | Successful login — client_id: demo-de
2026-04-11 21:59:58,333 | INFO | Tool list fetched — role: demo, country: DE
2026-04-11 22:00:16,161 | INFO | Returned [] → Warehouse
2026-04-11 22:00:16,169 | INFO | Tool list fetched — role: demo, country: DE
2026-04-11 22:02:31,352 | INFO | Successful login — client_id: demo-fr
2026-04-11 22:02:31,370 | INFO | Tool list fetched — role: demo, country: FR
2026-04-11 22:02:43,970 | INFO | Returned [] → Warehouse
2026-04-11 22:02:43,985 | INFO | Tool list fetched — role: demo, country: FR
2026-04-11 22:02:49,445 | INFO | Returned [] → Warehouse
2026-04-11 22:02:49,463 | INFO | Tool list fetched — role: demo, country: FR
2026-04-11 22:02:53,284 | INFO | Returned [] → Warehouse
2026-04-11 22:02:53,293 | INFO | Tool list fetched — role: demo, country: FR
2026-04-11 22:02:56,671 | INFO | Returned [] → Warehouse
2026-04-11 22:02:56,686 | INFO | Tool list fetched — role: demo, country: FR
2026-04-11 22:03:42,480 | INFO | Successful login — client_id: warehouse-admin
2026-04-11 22:03:42,496 | INFO | Tool list fetched — role: warehouse, country: None
2026-04-11 22:10:18,398 | INFO | Successful login — client_id: demo-de
2026-04-11 22:10:18,418 | INFO | Tool list fetched — role: demo, country: DE
2026-04-11 22:13:42,952 | INFO | Successful login — client_id: demo-de
2026-04-11 22:13:42,975 | INFO | Tool list fetched — role: demo, country: DE
2026-04-11 22:13:46,524 | INFO | Returned ['T003'] → Warehouse
2026-04-11 22:13:46,533 | INFO | Tool list fetched — role: demo, country: DE
2026-04-11 22:14:21,680 | INFO | Successful login — client_id: demo-de
2026-04-11 22:14:21,700 | INFO | Tool list fetched — role: demo, country: DE
2026-04-11 22:14:36,780 | INFO | Returned [] → Warehouse
2026-04-11 22:14:36,787 | INFO | Tool list fetched — role: demo, country: DE
2026-04-11 22:14:55,277 | INFO | Returned [] → Warehouse
2026-04-11 22:14:55,294 | INFO | Tool list fetched — role: demo, country: DE
2026-04-11 22:15:58,405 | INFO | Successful login — client_id: demo-fr
2026-04-11 22:15:58,422 | INFO | Tool list fetched — role: demo, country: FR
2026-04-11 22:17:14,535 | INFO | Returned ['T001', 'T007'] → Warehouse
2026-04-11 22:17:14,548 | INFO | Tool list fetched — role: demo, country: FR
2026-04-11 22:20:14,685 | INFO | Successful login — client_id: warehouse-admin
2026-04-11 22:20:14,702 | INFO | Tool list fetched — role: warehouse, country: None
2026-04-11 22:22:00,873 | INFO | Successful login — client_id: warehouse-admin
2026-04-11 22:22:00,900 | INFO | Tool list fetched — role: warehouse, country: None
2026-04-11 22:23:51,190 | INFO | Successful login — client_id: warehouse-admin
2026-04-11 22:24:00,123 | INFO | Successful login — client_id: warehouse-admin
2026-04-11 22:24:00,991 | INFO | Successful login — client_id: warehouse-admin
2026-04-11 22:24:10,141 | INFO | Successful login — client_id: warehouse-admin
2026-04-11 22:24:10,853 | INFO | Successful login — client_id: warehouse-admin
2026-04-11 22:24:11,491 | INFO | Successful login — client_id: warehouse-admin
2026-04-11 22:24:24,628 | WARNING | Failed login — client_id: demo-de
2026-04-11 22:25:44,083 | INFO | Successful login — client_id: demo-de
2026-04-11 22:25:50,298 | INFO | Successful login — client_id: demo-de
2026-04-11 22:25:50,951 | INFO | Successful login — client_id: demo-de
2026-04-11 22:25:51,290 | INFO | Successful login — client_id: demo-de
2026-04-11 22:25:51,457 | INFO | Successful login — client_id: demo-de
2026-04-12 00:29:03,915 | INFO | Successful login — client_id: warehouse-admin
2026-04-12 00:29:26,555 | INFO | Successful login — client_id: demo-de
2026-04-12 00:29:27,678 | INFO | Successful login — client_id: demo-de
2026-04-12 00:29:28,206 | INFO | Successful login — client_id: demo-de
2026-04-12 00:29:29,520 | INFO | Successful login — client_id: demo-de
2026-04-12 00:29:29,848 | INFO | Successful login — client_id: demo-de
2026-04-12 00:29:30,119 | INFO | Successful login — client_id: demo-de
2026-04-12 00:35:39,071 | INFO | Successful login — client_id: warehouse-admin
2026-04-12 00:36:57,533 | INFO | Successful login — client_id: demo-de
2026-04-12 00:37:04,301 | INFO | Successful login — client_id: warehouse-admin
2026-04-12 00:41:06,396 | WARNING | Failed login — client_id: demo-client
2026-04-12 00:41:07,024 | WARNING | Failed login — client_id: demo-client
2026-04-12 00:41:07,406 | WARNING | Failed login — client_id: demo-client
2026-04-12 00:41:07,627 | WARNING | Failed login — client_id: demo-client
2026-04-12 00:41:07,940 | WARNING | Failed login — client_id: demo-client
2026-04-12 00:43:57,549 | INFO | Successful login — client_id: demo-de
2026-04-12 00:45:28,957 | INFO | Successful login — client_id: demo-de
2026-04-12 00:48:59,431 | INFO | Successful login — client_id: demo-de
2026-04-12 00:48:59,479 | INFO | Tool list fetched — role: demo, country: DE
2026-04-12 00:49:13,576 | INFO | Returned [] → Warehouse
2026-04-12 00:49:13,586 | INFO | Tool list fetched — role: demo, country: DE
2026-04-12 00:54:04,433 | INFO | Successful login — client_id: demo-de
2026-04-12 00:54:04,461 | INFO | Tool list fetched — role: demo, country: DE
2026-04-12 00:59:30,995 | INFO | Transferred ['T001'] → DE Demo
2026-04-12 00:59:31,012 | INFO | Tool list fetched — role: demo, country: DE
2026-04-12 00:59:47,241 | INFO | Transferred ['T002'] → FR Demo
2026-04-12 00:59:47,262 | INFO | Tool list fetched — role: demo, country: DE
2026-04-12 01:01:24,131 | INFO | Successful login — client_id: demo-de
2026-04-12 01:01:24,151 | INFO | Tool list fetched — role: demo, country: DE
2026-04-12 01:01:39,399 | INFO | Returned ['T001'] → Warehouse
2026-04-12 01:01:39,415 | INFO | Tool list fetched — role: demo, country: DE
2026-04-12 01:07:16,549 | INFO | Successful login — client_id: demo-de
2026-04-12 01:07:16,581 | INFO | Tool list fetched — role: demo, country: DE
2026-04-12 01:07:28,096 | INFO | Transferred ['T001', 'T003', 'T004'] → DE Demo
2026-04-12 01:07:28,114 | INFO | Tool list fetched — role: demo, country: DE
2026-04-12 01:07:38,928 | INFO | Returned ['T001', 'T003'] → Warehouse
2026-04-12 01:07:38,948 | INFO | Tool list fetched — role: demo, country: DE
2026-04-12 01:07:52,725 | INFO | Transferred [] → FR Demo
2026-04-12 01:07:52,734 | INFO | Tool list fetched — role: demo, country: DE
2026-04-12 01:08:35,494 | INFO | Returned ['T004'] → Warehouse
2026-04-12 01:08:35,510 | INFO | Tool list fetched — role: demo, country: DE
2026-04-12 01:08:41,663 | INFO | Transferred ['T001', 'T003'] → IT Demo
2026-04-12 01:08:41,685 | INFO | Tool list fetched — role: demo, country: DE
2026-04-12 01:10:03,720 | INFO | Transferred ['T004'] → DE Demo
2026-04-12 01:10:03,737 | INFO | Tool list fetched — role: demo, country: DE
2026-04-12 01:10:10,499 | INFO | Transferred [] → FR Demo
2026-04-12 01:10:10,520 | INFO | Tool list fetched — role: demo, country: DE
2026-04-12 01:11:35,808 | INFO | Transferred [] → FR Demo
2026-04-12 01:11:35,833 | INFO | Tool list fetched — role: demo, country: DE
2026-04-12 01:14:09,148 | INFO | Successful login — client_id: demo-de
2026-04-12 01:14:09,164 | INFO | Tool list fetched — role: demo, country: DE
2026-04-12 01:14:16,244 | INFO | Transferred ['T004'] → FR Demo
2026-04-12 01:14:16,268 | INFO | Tool list fetched — role: demo, country: DE
2026-04-12 01:17:41,439 | INFO | Successful login — client_id: demo-de
2026-04-12 01:17:41,451 | INFO | Tool list fetched — role: demo, country: DE
2026-04-12 01:18:23,474 | INFO | Transferred ['T005', 'T006', 'T007', 'T013'] → DE Demo
2026-04-12 01:18:23,483 | INFO | Tool list fetched — role: demo, country: DE
2026-04-12 01:27:19,248 | INFO | Successful login — client_id: warehouse-admin
2026-04-12 01:27:19,271 | INFO | Tool list fetched — role: warehouse, country: None
2026-04-12 01:35:37,540 | INFO | Successful login — client_id: warehouse-admin
2026-04-12 01:35:37,564 | INFO | Tool list fetched — role: warehouse, country: None
2026-04-12 01:35:42,712 | INFO | Returned ['T001', 'T002', 'T003'] → Warehouse
2026-04-12 01:35:42,718 | INFO | Tool list fetched — role: warehouse, country: None
2026-04-12 01:36:59,798 | INFO | Returned ['T004', 'T005', 'T006', 'T007', 'T010', 'T012', 'T013', 'T015', 'T018'] → Warehouse
2026-04-12 01:36:59,808 | INFO | Tool list fetched — role: warehouse, country: None
2026-04-12 01:37:16,918 | INFO | Transferred ['T004', 'T005', 'T006'] → FR Demo
2026-04-12 01:37:16,933 | INFO | Tool list fetched — role: warehouse, country: None
2026-04-12 01:38:36,442 | INFO | Transferred ['T002', 'T009'] → DE Demo
2026-04-12 01:38:36,455 | INFO | Tool list fetched — role: warehouse, country: None
2026-04-12 01:38:42,185 | INFO | Returned ['T002'] → Warehouse
2026-04-12 01:38:42,193 | INFO | Tool list fetched — role: warehouse, country: None
2026-04-12 01:38:47,184 | INFO | Transferred ['T002'] → DE Demo
2026-04-12 01:38:47,194 | INFO | Tool list fetched — role: warehouse, country: None
2026-04-12 01:46:32,417 | INFO | Successful login — client_id: warehouse-admin
2026-04-12 01:46:32,434 | INFO | Tool list fetched — role: warehouse, country: None
2026-04-12 01:47:31,941 | INFO | Successful login — client_id: demo-de
2026-04-12 01:47:31,978 | INFO | Tool list fetched — role: demo, country: DE
2026-04-12 01:57:26,604 | INFO | Successful login — client_id: warehouse-admin
2026-04-12 01:57:26,639 | INFO | Tool list fetched — role: warehouse, country: None
2026-04-12 01:58:32,661 | INFO | Returned ['T002'] → Warehouse
2026-04-12 01:58:32,675 | INFO | Tool list fetched — role: warehouse, country: None
2026-04-12 02:01:06,948 | INFO | Returned ['T004'] → Warehouse
2026-04-12 02:01:06,958 | INFO | Tool list fetched — role: warehouse, country: None
2026-04-12 02:01:51,458 | INFO | Successful login — client_id: demo-de
2026-04-12 02:01:51,481 | INFO | Tool list fetched — role: demo, country: DE
2026-04-12 02:02:05,803 | INFO | Transferred ['T009'] → FR Demo
2026-04-12 02:02:05,812 | INFO | Tool list fetched — role: demo, country: DE
2026-04-12 02:02:15,365 | INFO | Transferred ['T001', 'T003'] → DE Demo
2026-04-12 02:02:15,379 | INFO | Tool list fetched — role: demo, country: DE
2026-04-12 02:02:25,202 | INFO | Returned ['T003', 'T001'] → Warehouse
2026-04-12 02:02:25,209 | INFO | Tool list fetched — role: demo, country: DE
2026-04-12 12:33:46,160 | INFO | Successful login — client_id: demo-fr
2026-04-12 12:33:46,201 | INFO | Tool list fetched — role: demo, country: FR
2026-04-12 12:33:53,923 | INFO | Successful login — client_id: demo-fr
2026-04-12 12:33:53,955 | INFO | Tool list fetched — role: demo, country: FR
2026-04-12 12:34:06,555 | INFO | Successful login — client_id: demo-fr
2026-04-12 12:34:06,570 | INFO | Tool list fetched — role: demo, country: FR
2026-04-12 12:34:18,348 | WARNING | Failed login — client_id: demo-client
2026-04-12 12:34:30,597 | INFO | Successful login — client_id: warehouse-admin
2026-04-12 12:34:30,620 | INFO | Tool list fetched — role: warehouse, country: None
2026-04-12 12:36:04,707 | INFO | Successful login — client_id: demo-fr
2026-04-12 12:36:04,748 | INFO | Tool list fetched — role: demo, country: FR
2026-04-12 12:43:54,225 | INFO | Successful login — client_id: demo-de
2026-04-12 12:43:54,272 | INFO | Tool list fetched — role: demo, country: DE
2026-04-12 15:15:13,774 | INFO | Successful login — client_id: warehouse-admin
2026-04-12 15:15:13,854 | INFO | Tool list fetched — role: warehouse, country: None
2026-04-12 15:19:31,542 | INFO | Transferred ['T001', 'T002'] → DE Demo
2026-04-12 15:19:31,549 | INFO | Tool list fetched — role: warehouse, country: None
2026-04-12 15:20:11,244 | INFO | Returned ['T001', 'T002'] → Warehouse
2026-04-12 15:20:11,258 | INFO | Tool list fetched — role: warehouse, country: None
2026-04-12 15:22:19,140 | INFO | Successful login — client_id: demo-de
2026-04-12 15:22:19,178 | INFO | Tool list fetched — role: demo, country: DE
2026-04-12 15:22:55,370 | INFO | Transferred ['T016'] → DE Demo
2026-04-12 15:22:55,388 | INFO | Tool list fetched — role: demo, country: DE
2026-04-12 15:23:15,290 | INFO | Transferred ['T003'] → FR Demo
2026-04-12 15:23:15,309 | INFO | Tool list fetched — role: demo, country: DE
2026-04-12 15:23:32,874 | INFO | Returned ['T016'] → Warehouse
2026-04-12 15:23:32,905 | INFO | Tool list fetched — role: demo, country: DE
2026-04-12 15:24:11,727 | INFO | Transferred ['T005', 'T004'] → DE Demo
2026-04-12 15:24:11,758 | INFO | Tool list fetched — role: demo, country: DE
2026-04-12 15:25:05,823 | WARNING | Failed login — client_id: demo-de
2026-04-12 15:28:58,436 | INFO | Successful login — client_id: demo-fr
2026-04-12 15:28:58,504 | INFO | Tool list fetched — role: demo, country: FR
2026-04-12 15:29:30,215 | INFO | Transferred ['T002'] → FR Demo
2026-04-12 15:29:30,250 | INFO | Tool list fetched — role: demo, country: FR
2026-04-12 15:29:44,705 | INFO | Transferred ['T002'] → DE Demo
2026-04-12 15:29:44,760 | INFO | Tool list fetched — role: demo, country: FR
2026-04-12 15:30:17,471 | INFO | Returned ['T007'] → Warehouse
2026-04-12 15:30:17,504 | INFO | Tool list fetched — role: demo, country: FR
2026-04-12 15:30:55,326 | INFO | Successful login — client_id: demo-fr
2026-04-12 15:30:55,360 | INFO | Tool list fetched — role: demo, country: FR
2026-04-12 15:40:29,969 | WARNING | Failed login — client_id: demo-client
2026-04-12 15:40:36,019 | INFO | Successful login — client_id: demo-fr
2026-04-12 15:40:36,052 | INFO | Tool list fetched — role: demo, country: FR
2026-04-12 15:42:04,394 | INFO | Successful login — client_id: demo-fr
2026-04-12 15:42:04,432 | INFO | Tool list fetched — role: demo, country: FR
